<?xml version="1.0" encoding="UTF-8"?>
<!-- Generated by org.testng.reporters.JUnitReportReporter -->
<testsuite skipped="0" hostname="DESKTOP-JMT0A86" name="Hackathon.CalculateTripCost" tests="11" failures="0" timestamp="2021-04-20T16:58:38 IST" time="155.102" errors="0">
  <testcase name="SetUrl" time="14.199" classname="Hackathon.CalculateTripCost"/>
  <system-out/>
  <testcase name="SearchDestination" time="22.909" classname="Hackathon.CalculateTripCost"/>
  <system-out/>
  <testcase name="ClickHolidayHomesButton" time="32.699" classname="Hackathon.CalculateTripCost"/>
  <system-out/>
  <testcase name="SetDate" time="4.961" classname="Hackathon.CalculateTripCost"/>
  <system-out/>
  <testcase name="NoOfGuests" time="2.098" classname="Hackathon.CalculateTripCost"/>
  <system-out/>
  <testcase name="RatingSort" time="7.398" classname="Hackathon.CalculateTripCost"/>
  <system-out/>
  <testcase name="LiftAccess" time="3.463" classname="Hackathon.CalculateTripCost"/>
  <system-out/>
  <testcase name="HotelDetails" time="4.238" classname="Hackathon.CalculateTripCost"/>
  <system-out/>
  <testcase name="GetHotelScreenShots" time="35.401" classname="Hackathon.CalculateTripCost"/>
  <system-out/>
  <testcase name="SetCruises" time="16.155" classname="Hackathon.CalculateTripCost"/>
  <system-out/>
  <testcase name="GetCruiseDetails" time="11.581" classname="Hackathon.CalculateTripCost"/>
  <system-out/>
</testsuite> <!-- Hackathon.CalculateTripCost -->
