<?xml version="1.0" encoding="UTF-8"?>
<!-- Generated by org.testng.reporters.JUnitReportReporter -->
<testsuite skipped="0" hostname="DESKTOP-JMT0A86" name="Hackathon.CalculateTripCost" tests="11" failures="0" timestamp="20 Apr 2021 11:23:30 GMT" time="166.239" errors="0">
  <testcase name="SetUrl" time="12.089" classname="Hackathon.CalculateTripCost"/>
  <testcase name="SearchDestination" time="21.340" classname="Hackathon.CalculateTripCost"/>
  <testcase name="ClickHolidayHomesButton" time="27.363" classname="Hackathon.CalculateTripCost"/>
  <testcase name="SetDate" time="11.879" classname="Hackathon.CalculateTripCost"/>
  <testcase name="NoOfGuests" time="2.065" classname="Hackathon.CalculateTripCost"/>
  <testcase name="RatingSort" time="6.306" classname="Hackathon.CalculateTripCost"/>
  <testcase name="LiftAccess" time="3.137" classname="Hackathon.CalculateTripCost"/>
  <testcase name="HotelDetails" time="10.744" classname="Hackathon.CalculateTripCost"/>
  <testcase name="GetHotelScreenShots" time="42.850" classname="Hackathon.CalculateTripCost"/>
  <testcase name="SetCruises" time="14.827" classname="Hackathon.CalculateTripCost"/>
  <testcase name="GetCruiseDetails" time="13.639" classname="Hackathon.CalculateTripCost"/>
</testsuite> <!-- Hackathon.CalculateTripCost -->
